<?xml version="1.0" encoding="UTF-8"?>
<testsuite name="org.springframework.web.servlet.DispatcherServletTests" tests="1" skipped="1" failures="0" errors="0" timestamp="2021-10-26T09:53:18" hostname="杨海波" time="38.322">
  <properties/>
  <testcase name="localeRequest" classname="org.springframework.web.servlet.DispatcherServletTests" time="38.322">
    <skipped/>
  </testcase>
  <system-out><![CDATA[]]></system-out>
  <system-err><![CDATA[]]></system-err>
</testsuite>
